Will save checkpoints to data/cbn_layer3_batch96_dropout20.pt
Reading features from data/train_features.h5
Reading questions from  data/train_questions.h5
Reading question data into memory
Reading features from data/val_features.h5
Reading questions from  data/val_questions.h5
Reading question data into memory
device count = 2
Here is the conditioning network:
DataParallel (
  (module): FiLMGen (
    (encoder_embed): Embedding(93, 200)
    (encoder_rnn): GRU(200, 4096, batch_first=True)
    (decoder_linear): Linear (4096 -> 1536)
  )
)
Here is the conditioned network:
FiLMedNet (
  (stem): Sequential (
    (0): Conv2d(1026, 128, kernel_size=(3, 3), stride=(1, 1), padding=(1, 1))
    (1): BatchNorm2d(128, eps=1e-05, momentum=0.1, affine=True)
    (2): ReLU (inplace)
  )
  (0): FiLMedResBlock (
    (input_proj): Conv2d(130, 128, kernel_size=(1, 1), stride=(1, 1))
    (conv1): Conv2d(128, 128, kernel_size=(3, 3), stride=(1, 1), padding=(1, 1))
    (cbn): CBN (
    )
    (film): FiLM (
    )
    (drop): Dropout2d (p=0.2)
  )
  (1): FiLMedResBlock (
    (input_proj): Conv2d(130, 128, kernel_size=(1, 1), stride=(1, 1))
    (conv1): Conv2d(128, 128, kernel_size=(3, 3), stride=(1, 1), padding=(1, 1))
    (cbn): CBN (
    )
    (film): FiLM (
    )
    (drop): Dropout2d (p=0.2)
  )
  (2): FiLMedResBlock (
    (input_proj): Conv2d(130, 128, kernel_size=(1, 1), stride=(1, 1))
    (conv1): Conv2d(128, 128, kernel_size=(3, 3), stride=(1, 1), padding=(1, 1))
    (cbn): CBN (
    )
    (film): FiLM (
    )
    (drop): Dropout2d (p=0.2)
  )
  (classifier): Sequential (
    (0): Conv2d(130, 512, kernel_size=(1, 1), stride=(1, 1))
    (1): BatchNorm2d(512, eps=1e-05, momentum=0.1, affine=True)
    (2): ReLU (inplace)
    (3): MaxPool2d (size=(14, 14), stride=(14, 14), dilation=(1, 1))
    (4): Flatten (
    )
    (5): Linear (512 -> 1024)
    (6): BatchNorm1d(1024, eps=1e-05, momentum=0.1, affine=True)
    (7): ReLU (inplace)
    (8): Linear (1024 -> 32)
  )
)
train_loader has 350000 samples
val_loader has 75000 samples
Starting epoch 1
Starting epoch 2
Starting epoch 3
10000 0.9812141846716403
Starting epoch 4
Starting epoch 5
Starting epoch 6
20000 0.9405630303025245
Starting epoch 7
Starting epoch 8
Starting epoch 9
30000 0.9182680600702763
Starting epoch 10
Starting epoch 11
40000 0.8803526987373829
Starting epoch 12
Starting epoch 13
Starting epoch 14
50000 0.7641824868112802
Starting epoch 15
Starting epoch 16
Starting epoch 17
60000 0.5988760344266891
Starting epoch 18
Starting epoch 19
Checking training accuracy ... 
train accuracy is 0.7656383205456095
Checking validation accuracy ...
val accuracy is  0.7158666666666667
Saving checkpoint to data/cbn_layer3_batch96_dropout20.pt
