=== film_params load ===
=== q_types load ===
[[ 9.2591500e-01 -2.0062363e-01  9.4400120e-01 ...  9.8059535e-02
  -1.1950156e-03 -3.8585268e-02]
 [ 8.5472596e-01 -2.2492671e-01  9.1203344e-01 ...  1.5702181e-01
  -3.4548771e-03 -1.6451205e-01]
 [ 9.2587793e-01 -3.1684577e-01  9.1547424e-01 ...  1.4923713e-01
   2.8130185e-04 -9.8578580e-02]
 ...
 [ 9.8512465e-01 -3.7749207e-01  9.3182105e-01 ...  1.7803068e-01
  -1.9584097e-04  1.4674913e-02]
 [ 8.2021773e-01 -3.7175167e-01  9.2493558e-01 ... -4.4374209e-02
  -2.1164841e-03 -3.9472081e-02]
 [ 7.4491370e-01 -6.9312584e-01  9.0560412e-01 ...  1.1751477e-01
  -9.4523921e-04 -7.4048012e-02]]

[ 6  0  1 12  2  0  5  2 11  3  0  5 11  3  3  1  5  0 10  0  1  3  0  0
 11  3  8  5  3 11 12  0 12 11  5  0  3  3 11  5  0  9 11  2  6  0 10  5
  6 11  5  4  3  0  2  0  7  2  7  5  0  9  3  5 12  5 11  0 11  3 10  0
  0  6 11  0  0  5  0 10 12  0  5  3  5  7 10  0  6  9 11 12  3 11  4  9
  6 10 12  6  1 11  0  0  0  6  1  2  3  6  0 12  9  2  8  2 11 12  8 11
  1 11 11  0  3 10  0  0]
Shapes (128, 2048) (128,)
Done Showing
